mode: set
avito_pvz/internal/app/http/app.go:21.53,24.16 2 0
avito_pvz/internal/app/http/app.go:24.16,26.3 1 0
avito_pvz/internal/app/http/app.go:27.2,45.3 6 0
avito_pvz/internal/app/http/app.go:49.23,55.12 3 0
avito_pvz/internal/app/http/app.go:55.12,57.88 2 0
avito_pvz/internal/app/http/app.go:57.88,59.4 1 0
avito_pvz/internal/app/http/app.go:63.2,71.53 5 0
avito_pvz/internal/app/http/app.go:71.53,73.3 1 0
avito_pvz/internal/app/http/app.go:74.2,74.42 1 0
avito_pvz/cmd/pvz/main.go:18.13,27.2 7 0
avito_pvz/internal/config/config.go:49.25,51.22 2 0
avito_pvz/internal/config/config.go:51.22,52.32 1 0
avito_pvz/internal/config/config.go:55.2,55.33 1 0
avito_pvz/internal/config/config.go:58.46,59.55 1 0
avito_pvz/internal/config/config.go:59.55,60.53 1 0
avito_pvz/internal/config/config.go:63.2,65.62 2 0
avito_pvz/internal/config/config.go:65.62,66.46 1 0
avito_pvz/internal/config/config.go:69.2,69.13 1 0
avito_pvz/internal/config/config.go:75.31,81.15 4 0
avito_pvz/internal/config/config.go:81.15,83.3 1 0
avito_pvz/internal/config/config.go:85.2,85.12 1 0
avito_pvz/internal/config/config.go:88.34,103.2 2 0
avito_pvz/internal/app/app.go:22.73,52.2 14 0
avito_pvz/internal/app/app.go:54.20,57.2 2 0
avito_pvz/internal/app/grpc/app.go:28.8,38.50 2 0
avito_pvz/internal/app/grpc/app.go:38.50,42.4 2 0
avito_pvz/internal/app/grpc/app.go:45.2,56.3 3 0
avito_pvz/internal/app/grpc/app.go:63.55,65.75 1 0
avito_pvz/internal/app/grpc/app.go:65.75,67.4 1 0
avito_pvz/internal/app/grpc/app.go:72.25,73.32 1 0
avito_pvz/internal/app/grpc/app.go:73.32,74.13 1 0
avito_pvz/internal/app/grpc/app.go:79.27,83.16 3 0
avito_pvz/internal/app/grpc/app.go:83.16,85.3 1 0
avito_pvz/internal/app/grpc/app.go:87.2,89.46 2 0
avito_pvz/internal/app/grpc/app.go:89.46,91.3 1 0
avito_pvz/internal/app/grpc/app.go:93.2,93.12 1 0
avito_pvz/internal/app/grpc/app.go:97.22,104.2 3 0
avito_pvz/internal/repository/pg/product.go:20.52,24.2 1 0
avito_pvz/internal/repository/pg/product.go:26.80,33.16 2 0
avito_pvz/internal/repository/pg/product.go:33.16,35.3 1 0
avito_pvz/internal/repository/pg/product.go:37.2,38.66 2 0
avito_pvz/internal/repository/pg/product.go:38.66,40.3 1 0
avito_pvz/internal/repository/pg/product.go:42.2,42.12 1 0
avito_pvz/internal/repository/pg/product.go:45.98,53.16 2 0
avito_pvz/internal/repository/pg/product.go:53.16,55.3 1 0
avito_pvz/internal/repository/pg/product.go:57.2,60.103 3 0
avito_pvz/internal/repository/pg/product.go:60.103,61.36 1 0
avito_pvz/internal/repository/pg/product.go:61.36,63.4 1 0
avito_pvz/internal/repository/pg/product.go:64.3,64.60 1 0
avito_pvz/internal/repository/pg/product.go:67.2,67.22 1 0
avito_pvz/internal/repository/pg/product.go:70.80,75.16 2 0
avito_pvz/internal/repository/pg/product.go:75.16,77.3 1 0
avito_pvz/internal/repository/pg/product.go:79.2,80.16 2 0
avito_pvz/internal/repository/pg/product.go:80.16,82.3 1 0
avito_pvz/internal/repository/pg/product.go:84.2,84.12 1 0
avito_pvz/internal/repository/pg/pvz.go:20.44,24.2 1 0
avito_pvz/internal/repository/pg/pvz.go:26.68,32.16 2 0
avito_pvz/internal/repository/pg/pvz.go:32.16,34.3 1 0
avito_pvz/internal/repository/pg/pvz.go:36.2,37.16 2 0
avito_pvz/internal/repository/pg/pvz.go:37.16,39.3 1 0
avito_pvz/internal/repository/pg/pvz.go:41.2,41.12 1 0
avito_pvz/internal/repository/pg/pvz.go:44.67,49.16 2 0
avito_pvz/internal/repository/pg/pvz.go:49.16,51.3 1 0
avito_pvz/internal/repository/pg/pvz.go:53.2,54.16 2 0
avito_pvz/internal/repository/pg/pvz.go:54.16,55.36 1 0
avito_pvz/internal/repository/pg/pvz.go:55.36,57.4 1 0
avito_pvz/internal/repository/pg/pvz.go:58.3,58.61 1 0
avito_pvz/internal/repository/pg/pvz.go:61.2,63.18 2 0
avito_pvz/internal/repository/pg/pvz.go:63.18,65.78 2 0
avito_pvz/internal/repository/pg/pvz.go:65.78,67.12 1 0
avito_pvz/internal/repository/pg/pvz.go:69.3,69.27 1 0
avito_pvz/internal/repository/pg/pvz.go:72.2,72.18 1 0
avito_pvz/internal/repository/pg/pvz.go:122.65,127.16 2 0
avito_pvz/internal/repository/pg/pvz.go:127.16,129.3 1 0
avito_pvz/internal/repository/pg/pvz.go:131.2,134.16 4 0
avito_pvz/internal/repository/pg/pvz.go:134.16,135.36 1 0
avito_pvz/internal/repository/pg/pvz.go:135.36,137.4 1 0
avito_pvz/internal/repository/pg/pvz.go:138.3,138.56 1 0
avito_pvz/internal/repository/pg/pvz.go:141.2,141.12 1 0
avito_pvz/internal/repository/pg/pvz.go:147.33,153.29 2 0
avito_pvz/internal/repository/pg/pvz.go:153.29,155.3 1 0
avito_pvz/internal/repository/pg/pvz.go:156.2,156.27 1 0
avito_pvz/internal/repository/pg/pvz.go:156.27,158.3 1 0
avito_pvz/internal/repository/pg/pvz.go:160.2,160.25 1 0
avito_pvz/internal/repository/pg/pvz.go:160.25,162.3 1 0
avito_pvz/internal/repository/pg/pvz.go:163.2,163.47 1 0
avito_pvz/internal/repository/pg/pvz.go:163.47,166.3 2 0
avito_pvz/internal/repository/pg/pvz.go:168.2,169.16 2 0
avito_pvz/internal/repository/pg/pvz.go:169.16,171.3 1 0
avito_pvz/internal/repository/pg/pvz.go:174.2,175.16 2 0
avito_pvz/internal/repository/pg/pvz.go:175.16,176.36 1 0
avito_pvz/internal/repository/pg/pvz.go:176.36,178.4 1 0
avito_pvz/internal/repository/pg/pvz.go:179.3,179.61 1 0
avito_pvz/internal/repository/pg/pvz.go:181.2,184.18 3 0
avito_pvz/internal/repository/pg/pvz.go:184.18,186.78 2 0
avito_pvz/internal/repository/pg/pvz.go:186.78,188.4 1 0
avito_pvz/internal/repository/pg/pvz.go:189.3,189.27 1 0
avito_pvz/internal/repository/pg/pvz.go:193.2,194.27 2 0
avito_pvz/internal/repository/pg/pvz.go:194.27,197.17 2 0
avito_pvz/internal/repository/pg/pvz.go:197.17,199.4 1 0
avito_pvz/internal/repository/pg/pvz.go:202.3,206.40 2 0
avito_pvz/internal/repository/pg/pvz.go:206.40,208.18 2 0
avito_pvz/internal/repository/pg/pvz.go:208.18,210.5 1 0
avito_pvz/internal/repository/pg/pvz.go:212.4,218.6 1 0
avito_pvz/internal/repository/pg/pvz.go:221.3,224.5 1 0
avito_pvz/internal/repository/pg/pvz.go:227.2,227.20 1 0
avito_pvz/internal/repository/pg/pvz.go:234.31,241.16 3 0
avito_pvz/internal/repository/pg/pvz.go:241.16,243.3 1 0
avito_pvz/internal/repository/pg/pvz.go:245.2,246.16 2 0
avito_pvz/internal/repository/pg/pvz.go:246.16,248.3 1 0
avito_pvz/internal/repository/pg/pvz.go:249.2,252.18 3 0
avito_pvz/internal/repository/pg/pvz.go:252.18,254.109 2 0
avito_pvz/internal/repository/pg/pvz.go:254.109,256.4 1 0
avito_pvz/internal/repository/pg/pvz.go:257.3,257.45 1 0
avito_pvz/internal/repository/pg/pvz.go:260.2,260.24 1 0
avito_pvz/internal/repository/pg/pvz.go:267.29,274.16 3 0
avito_pvz/internal/repository/pg/pvz.go:274.16,276.3 1 0
avito_pvz/internal/repository/pg/pvz.go:278.2,279.16 2 0
avito_pvz/internal/repository/pg/pvz.go:279.16,281.3 1 0
avito_pvz/internal/repository/pg/pvz.go:282.2,285.18 3 0
avito_pvz/internal/repository/pg/pvz.go:285.18,287.105 2 0
avito_pvz/internal/repository/pg/pvz.go:287.105,289.4 1 0
avito_pvz/internal/repository/pg/pvz.go:290.3,290.39 1 0
avito_pvz/internal/repository/pg/pvz.go:293.2,293.22 1 0
avito_pvz/internal/repository/pg/reception.go:20.56,24.2 1 0
avito_pvz/internal/repository/pg/reception.go:26.84,32.16 2 0
avito_pvz/internal/repository/pg/reception.go:32.16,34.3 1 0
avito_pvz/internal/repository/pg/reception.go:36.2,37.16 2 0
avito_pvz/internal/repository/pg/reception.go:37.16,39.3 1 0
avito_pvz/internal/repository/pg/reception.go:41.2,41.28 1 0
avito_pvz/internal/repository/pg/reception.go:41.28,43.3 1 0
avito_pvz/internal/repository/pg/reception.go:45.2,45.12 1 0
avito_pvz/internal/repository/pg/reception.go:48.94,56.16 2 0
avito_pvz/internal/repository/pg/reception.go:56.16,58.3 1 0
avito_pvz/internal/repository/pg/reception.go:60.2,63.107 3 0
avito_pvz/internal/repository/pg/reception.go:63.107,64.36 1 0
avito_pvz/internal/repository/pg/reception.go:64.36,66.4 1 0
avito_pvz/internal/repository/pg/reception.go:67.3,67.61 1 0
avito_pvz/internal/repository/pg/reception.go:70.2,70.24 1 0
avito_pvz/internal/repository/pg/reception.go:73.85,80.16 2 0
avito_pvz/internal/repository/pg/reception.go:80.16,82.3 1 0
avito_pvz/internal/repository/pg/reception.go:84.2,85.16 2 0
avito_pvz/internal/repository/pg/reception.go:85.16,87.3 1 0
avito_pvz/internal/repository/pg/reception.go:89.2,89.12 1 0
avito_pvz/internal/repository/pg/user.go:20.46,24.2 1 0
avito_pvz/internal/repository/pg/user.go:26.86,32.16 2 0
avito_pvz/internal/repository/pg/user.go:32.16,34.3 1 0
avito_pvz/internal/repository/pg/user.go:36.2,39.105 3 0
avito_pvz/internal/repository/pg/user.go:39.105,40.36 1 0
avito_pvz/internal/repository/pg/user.go:40.36,42.4 1 0
avito_pvz/internal/repository/pg/user.go:43.3,43.61 1 0
avito_pvz/internal/repository/pg/user.go:46.2,46.19 1 0
avito_pvz/internal/repository/pg/user.go:49.71,56.16 2 0
avito_pvz/internal/repository/pg/user.go:56.16,58.3 1 0
avito_pvz/internal/repository/pg/user.go:60.2,61.16 2 0
avito_pvz/internal/repository/pg/user.go:61.16,63.54 2 0
avito_pvz/internal/repository/pg/user.go:63.54,65.4 1 0
avito_pvz/internal/repository/pg/user.go:66.3,66.56 1 0
avito_pvz/internal/repository/pg/user.go:69.2,69.12 1 0
avito_pvz/internal/repository/product.go:21.47,25.2 1 0
avito_pvz/internal/repository/pvz.go:22.35,26.2 1 0
avito_pvz/internal/repository/reception.go:21.53,25.2 1 0
avito_pvz/internal/repository/user.go:18.38,22.2 1 0
avito_pvz/internal/pkg/logger.go:13.23,14.13 1 0
avito_pvz/internal/pkg/logger.go:15.15,19.4 1 0
avito_pvz/internal/pkg/logger.go:20.14,24.4 1 0
avito_pvz/internal/pkg/logger.go:25.10,29.4 1 0
avito_pvz/internal/pkg/logger.go:33.23,35.2 1 0
avito_pvz/internal/pkg/logger.go:37.69,39.2 1 0
avito_pvz/internal/pkg/logger.go:41.48,43.9 2 0
avito_pvz/internal/pkg/logger.go:43.9,45.3 1 0
avito_pvz/internal/pkg/logger.go:46.2,46.12 1 0
avito_pvz/internal/http/server.go:55.45,57.21 2 0
avito_pvz/internal/http/server.go:57.21,61.3 1 0
avito_pvz/internal/http/server.go:63.2,64.16 2 0
avito_pvz/internal/http/server.go:64.16,68.3 1 0
avito_pvz/internal/http/server.go:70.2,71.22 2 0
avito_pvz/internal/http/server.go:80.40,83.16 3 0
avito_pvz/internal/http/server.go:83.16,87.3 1 0
avito_pvz/internal/http/server.go:89.2,91.18 2 0
avito_pvz/internal/http/server.go:99.43,108.16 4 0
avito_pvz/internal/http/server.go:108.16,112.3 1 0
avito_pvz/internal/http/server.go:114.2,119.8 1 0
avito_pvz/internal/http/server.go:128.37,132.16 3 0
avito_pvz/internal/http/server.go:132.16,134.3 1 0
avito_pvz/internal/http/server.go:136.2,138.45 2 0
avito_pvz/internal/http/server.go:146.38,150.16 3 0
avito_pvz/internal/http/server.go:150.16,154.3 1 0
avito_pvz/internal/http/server.go:156.2,160.8 1 0
avito_pvz/internal/http/server.go:168.61,172.16 3 0
avito_pvz/internal/http/server.go:172.16,176.3 1 0
avito_pvz/internal/http/server.go:177.2,179.66 2 0
avito_pvz/internal/http/server.go:187.60,191.16 3 0
avito_pvz/internal/http/server.go:191.16,195.3 1 0
avito_pvz/internal/http/server.go:197.2,197.60 1 0
avito_pvz/internal/http/server.go:205.45,209.16 3 0
avito_pvz/internal/http/server.go:209.16,213.3 1 0
avito_pvz/internal/http/server.go:215.2,215.60 1 0
avito_pvz/internal/http/server.go:223.43,229.16 5 0
avito_pvz/internal/http/server.go:229.16,233.3 1 0
avito_pvz/internal/http/server.go:235.2,235.60 1 0
avito_pvz/internal/http/server.go:244.11,252.2 1 0
avito_pvz/internal/http/gen/server.gen.go:238.91,240.88 1 0
avito_pvz/internal/http/gen/server.gen.go:240.88,242.3 1 0
avito_pvz/internal/http/gen/server.gen.go:244.2,244.52 1 0
avito_pvz/internal/http/gen/server.gen.go:244.52,246.3 1 0
avito_pvz/internal/http/gen/server.gen.go:248.2,248.25 1 0
avito_pvz/internal/http/gen/server.gen.go:252.86,254.88 1 0
avito_pvz/internal/http/gen/server.gen.go:254.88,256.3 1 0
avito_pvz/internal/http/gen/server.gen.go:258.2,258.52 1 0
avito_pvz/internal/http/gen/server.gen.go:258.52,260.3 1 0
avito_pvz/internal/http/gen/server.gen.go:262.2,262.25 1 0
avito_pvz/internal/http/gen/server.gen.go:266.89,274.88 4 0
avito_pvz/internal/http/gen/server.gen.go:274.88,276.3 1 0
avito_pvz/internal/http/gen/server.gen.go:278.2,278.52 1 0
avito_pvz/internal/http/gen/server.gen.go:278.52,280.3 1 0
avito_pvz/internal/http/gen/server.gen.go:282.2,282.25 1 0
avito_pvz/internal/http/gen/server.gen.go:286.83,302.16 7 0
avito_pvz/internal/http/gen/server.gen.go:302.16,305.3 2 0
avito_pvz/internal/http/gen/server.gen.go:309.2,310.16 2 0
avito_pvz/internal/http/gen/server.gen.go:310.16,313.3 2 0
avito_pvz/internal/http/gen/server.gen.go:317.2,318.16 2 0
avito_pvz/internal/http/gen/server.gen.go:318.16,321.3 2 0
avito_pvz/internal/http/gen/server.gen.go:325.2,326.16 2 0
avito_pvz/internal/http/gen/server.gen.go:326.16,329.3 2 0
avito_pvz/internal/http/gen/server.gen.go:331.2,331.88 1 0
avito_pvz/internal/http/gen/server.gen.go:331.88,333.3 1 0
avito_pvz/internal/http/gen/server.gen.go:335.2,335.52 1 0
avito_pvz/internal/http/gen/server.gen.go:335.52,337.3 1 0
avito_pvz/internal/http/gen/server.gen.go:339.2,339.25 1 0
avito_pvz/internal/http/gen/server.gen.go:343.84,351.88 4 0
avito_pvz/internal/http/gen/server.gen.go:351.88,353.3 1 0
avito_pvz/internal/http/gen/server.gen.go:355.2,355.52 1 0
avito_pvz/internal/http/gen/server.gen.go:355.52,357.3 1 0
avito_pvz/internal/http/gen/server.gen.go:359.2,359.25 1 0
avito_pvz/internal/http/gen/server.gen.go:363.107,371.16 4 0
avito_pvz/internal/http/gen/server.gen.go:371.16,374.3 2 0
avito_pvz/internal/http/gen/server.gen.go:376.2,382.88 4 0
avito_pvz/internal/http/gen/server.gen.go:382.88,384.3 1 0
avito_pvz/internal/http/gen/server.gen.go:386.2,386.52 1 0
avito_pvz/internal/http/gen/server.gen.go:386.52,388.3 1 0
avito_pvz/internal/http/gen/server.gen.go:390.2,390.25 1 0
avito_pvz/internal/http/gen/server.gen.go:394.106,402.16 4 0
avito_pvz/internal/http/gen/server.gen.go:402.16,405.3 2 0
avito_pvz/internal/http/gen/server.gen.go:407.2,413.88 4 0
avito_pvz/internal/http/gen/server.gen.go:413.88,415.3 1 0
avito_pvz/internal/http/gen/server.gen.go:417.2,417.52 1 0
avito_pvz/internal/http/gen/server.gen.go:417.52,419.3 1 0
avito_pvz/internal/http/gen/server.gen.go:421.2,421.25 1 0
avito_pvz/internal/http/gen/server.gen.go:425.91,433.88 4 0
avito_pvz/internal/http/gen/server.gen.go:433.88,435.3 1 0
avito_pvz/internal/http/gen/server.gen.go:437.2,437.52 1 0
avito_pvz/internal/http/gen/server.gen.go:437.52,439.3 1 0
avito_pvz/internal/http/gen/server.gen.go:441.2,441.25 1 0
avito_pvz/internal/http/gen/server.gen.go:445.89,447.88 1 0
avito_pvz/internal/http/gen/server.gen.go:447.88,449.3 1 0
avito_pvz/internal/http/gen/server.gen.go:451.2,451.52 1 0
avito_pvz/internal/http/gen/server.gen.go:451.52,453.3 1 0
avito_pvz/internal/http/gen/server.gen.go:455.2,455.25 1 0
avito_pvz/internal/http/gen/server.gen.go:463.52,465.2 1 0
avito_pvz/internal/http/gen/server.gen.go:467.52,469.2 1 0
avito_pvz/internal/http/gen/server.gen.go:476.49,478.2 1 0
avito_pvz/internal/http/gen/server.gen.go:480.49,482.2 1 0
avito_pvz/internal/http/gen/server.gen.go:488.45,490.2 1 0
avito_pvz/internal/http/gen/server.gen.go:497.46,499.2 1 0
avito_pvz/internal/http/gen/server.gen.go:501.46,503.2 1 0
avito_pvz/internal/http/gen/server.gen.go:510.50,512.2 1 0
avito_pvz/internal/http/gen/server.gen.go:514.50,516.2 1 0
avito_pvz/internal/http/gen/server.gen.go:523.53,525.2 1 0
avito_pvz/internal/http/gen/server.gen.go:528.47,530.2 1 0
avito_pvz/internal/http/gen/server.gen.go:546.66,550.2 1 0
avito_pvz/internal/http/gen/server.gen.go:552.93,557.2 1 0
avito_pvz/internal/http/gen/server.gen.go:560.88,563.14 2 0
avito_pvz/internal/http/gen/server.gen.go:563.14,565.3 1 0
avito_pvz/internal/http/gen/server.gen.go:566.2,566.37 1 0
avito_pvz/internal/http/gen/server.gen.go:566.37,567.86 1 0
avito_pvz/internal/http/gen/server.gen.go:567.86,569.4 1 0
avito_pvz/internal/http/gen/server.gen.go:572.2,588.10 11 0
avito_pvz/internal/http/gen/server.gen.go:601.104,606.2 3 0
avito_pvz/internal/http/gen/server.gen.go:610.104,615.2 3 0
avito_pvz/internal/http/gen/server.gen.go:627.94,632.2 3 0
avito_pvz/internal/http/gen/server.gen.go:636.94,641.2 3 0
avito_pvz/internal/http/gen/server.gen.go:653.100,658.2 3 0
avito_pvz/internal/http/gen/server.gen.go:662.100,667.2 3 0
avito_pvz/internal/http/gen/server.gen.go:671.100,676.2 3 0
avito_pvz/internal/http/gen/server.gen.go:694.88,699.2 3 0
avito_pvz/internal/http/gen/server.gen.go:711.90,716.2 3 0
avito_pvz/internal/http/gen/server.gen.go:720.90,725.2 3 0
avito_pvz/internal/http/gen/server.gen.go:729.90,734.2 3 0
avito_pvz/internal/http/gen/server.gen.go:746.136,751.2 3 0
avito_pvz/internal/http/gen/server.gen.go:755.136,760.2 3 0
avito_pvz/internal/http/gen/server.gen.go:764.136,769.2 3 0
avito_pvz/internal/http/gen/server.gen.go:782.130,785.2 2 0
avito_pvz/internal/http/gen/server.gen.go:789.134,794.2 3 0
avito_pvz/internal/http/gen/server.gen.go:798.134,803.2 3 0
avito_pvz/internal/http/gen/server.gen.go:815.104,820.2 3 0
avito_pvz/internal/http/gen/server.gen.go:824.104,829.2 3 0
avito_pvz/internal/http/gen/server.gen.go:833.104,838.2 3 0
avito_pvz/internal/http/gen/server.gen.go:850.100,855.2 3 0
avito_pvz/internal/http/gen/server.gen.go:859.100,864.2 3 0
avito_pvz/internal/http/gen/server.gen.go:905.102,907.84 1 0
avito_pvz/internal/http/gen/server.gen.go:907.84,909.4 1 0
avito_pvz/internal/http/gen/server.gen.go:910.85,912.4 1 0
avito_pvz/internal/http/gen/server.gen.go:916.146,918.2 1 0
avito_pvz/internal/http/gen/server.gen.go:927.81,931.62 3 0
avito_pvz/internal/http/gen/server.gen.go:931.62,934.3 2 0
avito_pvz/internal/http/gen/server.gen.go:935.2,937.121 2 0
avito_pvz/internal/http/gen/server.gen.go:937.121,939.3 1 0
avito_pvz/internal/http/gen/server.gen.go:940.2,940.44 1 0
avito_pvz/internal/http/gen/server.gen.go:940.44,942.3 1 0
avito_pvz/internal/http/gen/server.gen.go:944.2,946.16 2 0
avito_pvz/internal/http/gen/server.gen.go:946.16,948.3 1 0
avito_pvz/internal/http/gen/server.gen.go:948.8,948.77 1 0
avito_pvz/internal/http/gen/server.gen.go:948.77,949.70 1 0
avito_pvz/internal/http/gen/server.gen.go:949.70,951.4 1 0
avito_pvz/internal/http/gen/server.gen.go:952.8,952.28 1 0
avito_pvz/internal/http/gen/server.gen.go:952.28,954.3 1 0
avito_pvz/internal/http/gen/server.gen.go:958.76,962.62 3 0
avito_pvz/internal/http/gen/server.gen.go:962.62,965.3 2 0
avito_pvz/internal/http/gen/server.gen.go:966.2,968.121 2 0
avito_pvz/internal/http/gen/server.gen.go:968.121,970.3 1 0
avito_pvz/internal/http/gen/server.gen.go:971.2,971.44 1 0
avito_pvz/internal/http/gen/server.gen.go:971.44,973.3 1 0
avito_pvz/internal/http/gen/server.gen.go:975.2,977.16 2 0
avito_pvz/internal/http/gen/server.gen.go:977.16,979.3 1 0
avito_pvz/internal/http/gen/server.gen.go:979.8,979.72 1 0
avito_pvz/internal/http/gen/server.gen.go:979.72,980.65 1 0
avito_pvz/internal/http/gen/server.gen.go:980.65,982.4 1 0
avito_pvz/internal/http/gen/server.gen.go:983.8,983.28 1 0
avito_pvz/internal/http/gen/server.gen.go:983.28,985.3 1 0
avito_pvz/internal/http/gen/server.gen.go:989.79,993.62 3 0
avito_pvz/internal/http/gen/server.gen.go:993.62,996.3 2 0
avito_pvz/internal/http/gen/server.gen.go:997.2,999.121 2 0
avito_pvz/internal/http/gen/server.gen.go:999.121,1001.3 1 0
avito_pvz/internal/http/gen/server.gen.go:1002.2,1002.44 1 0
avito_pvz/internal/http/gen/server.gen.go:1002.44,1004.3 1 0
avito_pvz/internal/http/gen/server.gen.go:1006.2,1008.16 2 0
avito_pvz/internal/http/gen/server.gen.go:1008.16,1010.3 1 0
avito_pvz/internal/http/gen/server.gen.go:1010.8,1010.75 1 0
avito_pvz/internal/http/gen/server.gen.go:1010.75,1011.68 1 0
avito_pvz/internal/http/gen/server.gen.go:1011.68,1013.4 1 0
avito_pvz/internal/http/gen/server.gen.go:1014.8,1014.28 1 0
avito_pvz/internal/http/gen/server.gen.go:1014.28,1016.3 1 0
avito_pvz/internal/http/gen/server.gen.go:1020.94,1025.121 3 0
avito_pvz/internal/http/gen/server.gen.go:1025.121,1027.3 1 0
avito_pvz/internal/http/gen/server.gen.go:1028.2,1028.44 1 0
avito_pvz/internal/http/gen/server.gen.go:1028.44,1030.3 1 0
avito_pvz/internal/http/gen/server.gen.go:1032.2,1034.16 2 0
avito_pvz/internal/http/gen/server.gen.go:1034.16,1036.3 1 0
avito_pvz/internal/http/gen/server.gen.go:1036.8,1036.69 1 0
avito_pvz/internal/http/gen/server.gen.go:1036.69,1037.62 1 0
avito_pvz/internal/http/gen/server.gen.go:1037.62,1039.4 1 0
avito_pvz/internal/http/gen/server.gen.go:1040.8,1040.28 1 0
avito_pvz/internal/http/gen/server.gen.go:1040.28,1042.3 1 0
avito_pvz/internal/http/gen/server.gen.go:1046.74,1050.62 3 0
avito_pvz/internal/http/gen/server.gen.go:1050.62,1053.3 2 0
avito_pvz/internal/http/gen/server.gen.go:1054.2,1056.121 2 0
avito_pvz/internal/http/gen/server.gen.go:1056.121,1058.3 1 0
avito_pvz/internal/http/gen/server.gen.go:1059.2,1059.44 1 0
avito_pvz/internal/http/gen/server.gen.go:1059.44,1061.3 1 0
avito_pvz/internal/http/gen/server.gen.go:1063.2,1065.16 2 0
avito_pvz/internal/http/gen/server.gen.go:1065.16,1067.3 1 0
avito_pvz/internal/http/gen/server.gen.go:1067.8,1067.70 1 0
avito_pvz/internal/http/gen/server.gen.go:1067.70,1068.63 1 0
avito_pvz/internal/http/gen/server.gen.go:1068.63,1070.4 1 0
avito_pvz/internal/http/gen/server.gen.go:1071.8,1071.28 1 0
avito_pvz/internal/http/gen/server.gen.go:1071.28,1073.3 1 0
avito_pvz/internal/http/gen/server.gen.go:1077.123,1082.121 3 0
avito_pvz/internal/http/gen/server.gen.go:1082.121,1084.3 1 0
avito_pvz/internal/http/gen/server.gen.go:1085.2,1085.44 1 0
avito_pvz/internal/http/gen/server.gen.go:1085.44,1087.3 1 0
avito_pvz/internal/http/gen/server.gen.go:1089.2,1091.16 2 0
avito_pvz/internal/http/gen/server.gen.go:1091.16,1093.3 1 0
avito_pvz/internal/http/gen/server.gen.go:1093.8,1093.93 1 0
avito_pvz/internal/http/gen/server.gen.go:1093.93,1094.86 1 0
avito_pvz/internal/http/gen/server.gen.go:1094.86,1096.4 1 0
avito_pvz/internal/http/gen/server.gen.go:1097.8,1097.28 1 0
avito_pvz/internal/http/gen/server.gen.go:1097.28,1099.3 1 0
avito_pvz/internal/http/gen/server.gen.go:1103.122,1108.121 3 0
avito_pvz/internal/http/gen/server.gen.go:1108.121,1110.3 1 0
avito_pvz/internal/http/gen/server.gen.go:1111.2,1111.44 1 0
avito_pvz/internal/http/gen/server.gen.go:1111.44,1113.3 1 0
avito_pvz/internal/http/gen/server.gen.go:1115.2,1117.16 2 0
avito_pvz/internal/http/gen/server.gen.go:1117.16,1119.3 1 0
avito_pvz/internal/http/gen/server.gen.go:1119.8,1119.92 1 0
avito_pvz/internal/http/gen/server.gen.go:1119.92,1120.85 1 0
avito_pvz/internal/http/gen/server.gen.go:1120.85,1122.4 1 0
avito_pvz/internal/http/gen/server.gen.go:1123.8,1123.28 1 0
avito_pvz/internal/http/gen/server.gen.go:1123.28,1125.3 1 0
avito_pvz/internal/http/gen/server.gen.go:1129.81,1133.62 3 0
avito_pvz/internal/http/gen/server.gen.go:1133.62,1136.3 2 0
avito_pvz/internal/http/gen/server.gen.go:1137.2,1139.121 2 0
avito_pvz/internal/http/gen/server.gen.go:1139.121,1141.3 1 0
avito_pvz/internal/http/gen/server.gen.go:1142.2,1142.44 1 0
avito_pvz/internal/http/gen/server.gen.go:1142.44,1144.3 1 0
avito_pvz/internal/http/gen/server.gen.go:1146.2,1148.16 2 0
avito_pvz/internal/http/gen/server.gen.go:1148.16,1150.3 1 0
avito_pvz/internal/http/gen/server.gen.go:1150.8,1150.77 1 0
avito_pvz/internal/http/gen/server.gen.go:1150.77,1151.70 1 0
avito_pvz/internal/http/gen/server.gen.go:1151.70,1153.4 1 0
avito_pvz/internal/http/gen/server.gen.go:1154.8,1154.28 1 0
avito_pvz/internal/http/gen/server.gen.go:1154.28,1156.3 1 0
avito_pvz/internal/http/gen/server.gen.go:1160.79,1164.62 3 0
avito_pvz/internal/http/gen/server.gen.go:1164.62,1167.3 2 0
avito_pvz/internal/http/gen/server.gen.go:1168.2,1170.121 2 0
avito_pvz/internal/http/gen/server.gen.go:1170.121,1172.3 1 0
avito_pvz/internal/http/gen/server.gen.go:1173.2,1173.44 1 0
avito_pvz/internal/http/gen/server.gen.go:1173.44,1175.3 1 0
avito_pvz/internal/http/gen/server.gen.go:1177.2,1179.16 2 0
avito_pvz/internal/http/gen/server.gen.go:1179.16,1181.3 1 0
avito_pvz/internal/http/gen/server.gen.go:1181.8,1181.75 1 0
avito_pvz/internal/http/gen/server.gen.go:1181.75,1182.68 1 0
avito_pvz/internal/http/gen/server.gen.go:1182.68,1184.4 1 0
avito_pvz/internal/http/gen/server.gen.go:1185.8,1185.28 1 0
avito_pvz/internal/http/gen/server.gen.go:1185.28,1187.3 1 0
avito_pvz/internal/http/gen/server.gen.go:1225.35,1227.16 2 1
avito_pvz/internal/http/gen/server.gen.go:1227.16,1229.3 1 0
avito_pvz/internal/http/gen/server.gen.go:1230.2,1231.16 2 1
avito_pvz/internal/http/gen/server.gen.go:1231.16,1233.3 1 0
avito_pvz/internal/http/gen/server.gen.go:1234.2,1236.16 3 1
avito_pvz/internal/http/gen/server.gen.go:1236.16,1238.3 1 0
avito_pvz/internal/http/gen/server.gen.go:1240.2,1240.25 1 1
avito_pvz/internal/http/gen/server.gen.go:1246.48,1248.32 2 1
avito_pvz/internal/http/gen/server.gen.go:1248.32,1250.3 1 0
avito_pvz/internal/http/gen/server.gen.go:1254.73,1256.25 2 0
avito_pvz/internal/http/gen/server.gen.go:1256.25,1258.3 1 0
avito_pvz/internal/http/gen/server.gen.go:1260.2,1260.12 1 0
avito_pvz/internal/http/gen/server.gen.go:1268.52,1273.87 4 0
avito_pvz/internal/http/gen/server.gen.go:1273.87,1277.10 4 0
avito_pvz/internal/http/gen/server.gen.go:1277.10,1280.4 2 0
avito_pvz/internal/http/gen/server.gen.go:1281.3,1281.19 1 0
avito_pvz/internal/http/gen/server.gen.go:1283.2,1285.16 3 0
avito_pvz/internal/http/gen/server.gen.go:1285.16,1287.3 1 0
avito_pvz/internal/http/gen/server.gen.go:1288.2,1289.16 2 0
avito_pvz/internal/http/gen/server.gen.go:1289.16,1291.3 1 0
avito_pvz/internal/http/gen/server.gen.go:1292.2,1292.8 1 0
avito_pvz/internal/grpc/pvz/server.go:27.49,29.2 1 1
avito_pvz/internal/grpc/pvz/server.go:34.38,36.43 2 1
avito_pvz/internal/grpc/pvz/server.go:36.43,38.3 1 1
avito_pvz/internal/grpc/pvz/server.go:39.2,39.16 1 1
avito_pvz/internal/grpc/pvz/server.go:39.16,41.3 1 1
avito_pvz/internal/grpc/pvz/server.go:43.2,47.25 2 1
avito_pvz/internal/grpc/pvz/server.go:47.25,54.3 2 1
avito_pvz/internal/grpc/pvz/server.go:56.2,56.17 1 1
avito_pvz/internal/storage/pg/db.go:17.76,22.16 3 0
avito_pvz/internal/storage/pg/db.go:22.16,23.13 1 0
avito_pvz/internal/storage/pg/db.go:26.2,27.16 2 0
avito_pvz/internal/storage/pg/db.go:27.16,28.13 1 0
avito_pvz/internal/storage/pg/db.go:31.2,32.16 2 0
avito_pvz/internal/storage/pg/db.go:32.16,33.13 1 0
avito_pvz/internal/storage/pg/db.go:36.2,44.3 3 0
avito_pvz/internal/storage/pg/db.go:47.26,53.2 3 0
avito_pvz/internal/models/domain/email.go:10.31,12.41 2 0
avito_pvz/internal/models/domain/email.go:12.41,14.3 1 0
avito_pvz/internal/models/domain/email.go:16.2,18.19 2 0
avito_pvz/internal/models/domain/params.go:22.51,29.2 1 0
avito_pvz/internal/models/domain/product.go:14.37,16.2 1 0
avito_pvz/internal/models/domain/product.go:31.39,38.2 1 0
avito_pvz/internal/models/domain/product.go:45.69,52.2 1 0
avito_pvz/internal/models/domain/pvz.go:18.32,25.2 2 0
avito_pvz/internal/models/domain/pvz.go:29.33,31.2 1 0
avito_pvz/internal/models/domain/pvz.go:39.31,45.2 1 0
avito_pvz/internal/models/domain/pvz.go:49.33,53.2 2 0
avito_pvz/internal/models/domain/pvz.go:65.81,68.39 2 0
avito_pvz/internal/models/domain/pvz.go:68.39,75.57 2 0
avito_pvz/internal/models/domain/pvz.go:75.57,91.4 3 0
avito_pvz/internal/models/domain/pvz.go:93.3,105.5 2 0
avito_pvz/internal/models/domain/pvz.go:108.2,108.17 1 0
avito_pvz/internal/models/domain/pvz.go:111.62,113.21 2 0
avito_pvz/internal/models/domain/pvz.go:113.21,115.37 2 0
avito_pvz/internal/models/domain/pvz.go:115.37,117.4 1 0
avito_pvz/internal/models/domain/pvz.go:119.2,119.20 1 0
avito_pvz/internal/models/domain/pvz.go:122.65,123.22 1 0
avito_pvz/internal/models/domain/pvz.go:123.22,125.3 1 0
avito_pvz/internal/models/domain/pvz.go:127.2,129.11 2 0
avito_pvz/internal/models/domain/pvz.go:132.36,134.24 2 0
avito_pvz/internal/models/domain/pvz.go:134.24,136.3 1 0
avito_pvz/internal/models/domain/pvz.go:138.2,138.17 1 0
avito_pvz/internal/models/domain/reception.go:26.29,28.2 1 0
avito_pvz/internal/models/domain/reception.go:30.45,37.2 1 0
avito_pvz/internal/models/domain/reception.go:39.37,41.2 1 0
avito_pvz/internal/models/domain/reception.go:43.42,50.2 1 0
avito_pvz/internal/models/domain/user.go:15.30,17.2 1 0
avito_pvz/internal/models/domain/user.go:32.52,35.2 2 1
avito_pvz/internal/models/domain/user.go:37.56,39.2 1 1
avito_pvz/internal/models/domain/user.go:41.73,43.16 2 1
avito_pvz/internal/models/domain/user.go:43.16,45.3 1 1
avito_pvz/internal/models/domain/user.go:46.2,47.16 2 1
avito_pvz/internal/models/domain/user.go:47.16,49.3 1 0
avito_pvz/internal/models/domain/user.go:50.2,50.66 1 1
avito_pvz/internal/models/domain/user.go:50.66,52.3 1 1
avito_pvz/internal/models/domain/user.go:53.2,59.8 1 1
avito_pvz/internal/models/domain/user.go:62.34,68.2 1 0
